nohup: ignoring input
connect.multipart() will be removed in connect 3.0
visit https://github.com/senchalabs/connect/wiki/Connect-3.0 for alternatives
connect.limit() will be removed in connect 3.0
Express server listening on port 41402 in dev mode
[90mGET /public/ [32m200 [90m17ms[0m
[90mGET /public/css/bootstrap-responsive.min.css [32m200 [90m15ms[0m
[90mGET /public/css/styles.css [32m200 [90m21ms[0m
[90mGET /public/js/views/home.js [32m200 [90m14ms - 334b[0m
[90mGET /public/css/bootstrap.min.css [32m200 [90m30ms[0m
[90mGET /public/js/lib/backbone.localStorage.js [32m200 [90m8ms[0m
[90mGET /public/js/lib/bootstrap.min.js [32m200 [90m8ms[0m
[90mGET /public/js/views/header.js [32m200 [90m9ms[0m
[90mGET /public/js/views/paginator.js [32m200 [90m9ms - 743b[0m
[90mGET /public/js/views/about.js [32m200 [90m9ms - 327b[0m
[90mGET /public/js/lib/jquery-min.js [32m200 [90m20ms[0m
[90mGET /public/js/views/mapview.js [32m200 [90m5ms - 808b[0m
[90mGET /public/js/views/edit.js [32m200 [90m13ms[0m
[90mGET /public/js/views/dishview.js [32m200 [90m12ms - 373b[0m
[90mGET /public/js/views/dishesview.js [32m200 [90m9ms - 783b[0m
[90mGET /public/js/models/dishes.js [32m200 [90m5ms - 173b[0m
[90mGET /public/js/models/dish.js [32m200 [90m8ms[0m
[90mGET /public/js/models/map.js [32m200 [90m3ms - 589b[0m
[90mGET /public/js/utils.js [32m200 [90m3ms[0m
[90mGET /public/js/main.js [32m200 [90m14ms[0m
[90mGET /public/js/models/user.js [32m200 [90m12ms[0m
[90mGET /public/js/models/users.js [32m200 [90m6ms - 174b[0m
[90mGET /public/js/lib/underscore-min.js [32m200 [90m5ms[0m
[90mGET /public/js/lib/backbone-min.js [32m200 [90m4ms[0m
[90mGET /public/js/lib/underscore-min.map [32m200 [90m3ms - 83.22kb[0m
[90mGET /public/tpl/HomeView.html [32m200 [90m1ms - 370b[0m
[90mGET /public/tpl/AboutView.html [32m200 [90m5ms - 127b[0m
[90mGET /public/tpl/HeaderView.html [32m200 [90m5ms[0m
[90mGET /public/tpl/EditView.html [32m200 [90m5ms[0m
[90mGET /public/tpl/DishView.html [32m200 [90m2ms - 315b[0m
[90mGET /public/tpl/MapView.html [32m200 [90m1ms - 28b[0m
[90mGET /public/js/lib/backbone-min.map [32m200 [90m2ms - 65.95kb[0m
[90mGET /auth [32m200 [90m3ms - 36b[0m
[90mGET /public/img/restaurant_icon.png [32m200 [90m2ms - 1.75kb[0m
[90mGET /public/img/HomeView.jpg [32m200 [90m20ms - 413.28kb[0m
[90mGET /public/css/Andika-R.woff [32m200 [90m17ms - 510.97kb[0m
zhengye1
Yukirin0715
{ username: 'zhengye1',
  email: 'zhibo8_r7@hotmail.com',
  password: '$2a$10$RdhgIz9iZgVGFPJsVuCFIu0q9nPjYgVnh1WnQK5W0NWlYM8SC2Z9u',
  _id: 54963ee0aacf4e145391f1c6,
  __v: 0 }
[90mPUT /auth [32m200 [90m116ms - 317b[0m
[90mGET /public/img/glyphicons-halflings-white.png [32m200 [90m2ms - 8.57kb[0m
[90mGET /dishes [32m200 [90m5ms - 2b[0m
[90mGET /public/img/EditView.png [32m200 [90m2ms - 29kb[0m
[90mGET /dishes [32m200 [90m3ms - 2b[0m
[90mGET /public/img/generic.gif [32m200 [90m5ms - 89.93kb[0m
[90mGET /auth [32m200 [90m1ms - 84b[0m
null
[90mPOST /dishes [32m200 [90m13ms - 255b[0m
[90mGET /public/img/HomeView.jpg [32m200 [90m11ms - 413.28kb[0m
[90mGET /dishes [32m200 [90m3ms - 318b[0m
[90mGET /dishes [32m200 [90m2ms - 318b[0m
[90mGET /auth [32m200 [90m2ms - 84b[0m
{ file: 
   { fieldName: 'file',
     originalFilename: 'download.jpg',
     path: '/home/zhenye1/Documents/Backbone/CSCC09/public/img/uploads/22779-h3ucwn.jpg',
     headers: 
      { 'content-disposition': 'form-data; name="file"; filename="download.jpg"',
        'content-type': 'image/jpeg' },
     ws: 
      { _writableState: [Object],
        writable: true,
        domain: null,
        _events: [Object],
        _maxListeners: 10,
        path: '/home/zhenye1/Documents/Backbone/CSCC09/public/img/uploads/22779-h3ucwn.jpg',
        fd: null,
        flags: 'w',
        mode: 438,
        start: undefined,
        pos: undefined,
        bytesWritten: 6367,
        closed: true,
        open: [Function],
        _write: [Function],
        destroy: [Function],
        close: [Function],
        destroySoon: [Function],
        pipe: [Function],
        write: [Function],
        end: [Function],
        setMaxListeners: [Function: setMaxListeners],
        emit: [Function: emit],
        addListener: [Function: addListener],
        on: [Function: addListener],
        once: [Function: once],
        removeListener: [Function: removeListener],
        removeAllListeners: [Function: removeAllListeners],
        listeners: [Function: listeners] },
     size: 6367,
     name: 'download.jpg',
     type: 'image/jpeg' } }
/home/zhenye1/Documents/Backbone/CSCC09/public/img/uploads/22779-h3ucwn.jpg
22779-h3ucwn
[90mPOST /dishes/image [32m200 [90m66ms - 12b[0m
successfully deleted : /home/zhenye1/Documents/Backbone/CSCC09/public/img/uploads/22779-h3ucwn.jpg
[90mPUT /dishes/54964c0db05b29fb58b04075 [32m200 [90m11ms - 255b[0m
[90mGET /public/img/uploads/22779-h3ucwn_360.jpg [32m200 [90m2ms - 9.91kb[0m
[90mGET /dishes [32m200 [90m6ms - 328b[0m
[90mGET /public/ [32m200 [90m4ms[0m
[90mGET /public/css/bootstrap-responsive.min.css [32m200 [90m10ms[0m
[90mGET /public/css/styles.css [32m200 [90m19ms[0m
[90mGET /public/css/bootstrap.min.css [32m200 [90m34ms[0m
[90mGET /public/js/lib/jquery-min.js [32m200 [90m37ms[0m
[90mGET /public/js/lib/underscore-min.js [32m200 [90m20ms[0m
[90mGET /public/js/lib/backbone-min.js [32m200 [90m20ms[0m
[90mGET /public/js/lib/backbone.localStorage.js [32m200 [90m19ms[0m
[90mGET /public/js/lib/bootstrap.min.js [32m200 [90m14ms[0m
[90mGET /public/js/views/paginator.js [32m200 [90m16ms - 743b[0m
[90mGET /public/js/views/home.js [32m200 [90m16ms - 334b[0m
[90mGET /public/js/views/about.js [32m200 [90m17ms - 327b[0m
[90mGET /public/js/views/mapview.js [32m200 [90m15ms - 808b[0m
[90mGET /public/js/views/header.js [32m200 [90m20ms[0m
[90mGET /public/js/views/edit.js [32m200 [90m18ms[0m
[90mGET /public/js/views/dishview.js [32m200 [90m1ms - 373b[0m
[90mGET /public/js/views/dishesview.js [32m200 [90m1ms - 783b[0m
[90mGET /public/js/models/dish.js [32m200 [90m5ms[0m
[90mGET /public/js/models/dishes.js [32m200 [90m6ms - 173b[0m
[90mGET /public/js/models/map.js [32m200 [90m7ms - 589b[0m
[90mGET /public/js/utils.js [32m200 [90m5ms[0m
[90mGET /public/js/main.js [32m200 [90m5ms[0m
[90mGET /public/js/models/user.js [32m200 [90m3ms[0m
[90mGET /public/js/models/users.js [32m200 [90m1ms - 174b[0m
[90mGET /public/tpl/HomeView.html [32m200 [90m2ms - 370b[0m
[90mGET /public/tpl/AboutView.html [32m200 [90m2ms - 127b[0m
[90mGET /public/tpl/HeaderView.html [32m200 [90m11ms[0m
[90mGET /public/tpl/DishView.html [32m200 [90m9ms - 315b[0m
[90mGET /public/tpl/EditView.html [32m200 [90m12ms[0m
[90mGET /public/tpl/MapView.html [32m200 [90m7ms - 28b[0m
[90mGET /public/js/lib/underscore-min.map [32m200 [90m4ms - 83.22kb[0m
[90mGET /public/js/lib/backbone-min.map [32m200 [90m4ms - 65.95kb[0m
[90mGET /auth [32m200 [90m1ms - 84b[0m
[90mGET /dishes [32m200 [90m3ms - 328b[0m
[90mGET /public/img/EditView.png [32m200 [90m6ms - 29kb[0m
[90mGET /public/css/Andika-R.woff [32m200 [90m12ms - 510.97kb[0m
[90mGET /public/img/generic.gif [32m200 [90m3ms - 89.93kb[0m
[90mGET /public/img/glyphicons-halflings-white.png [32m200 [90m4ms - 8.57kb[0m

events.js:72
        throw er; // Unhandled 'error' event
              ^
Error: failed to connect to [localhost:27017]
    at null.<anonymous> (/home/zhenye1/Documents/Backbone/CSCC09/node_modules/mongoose/node_modules/mongodb/lib/mongodb/connection/server.js:549:74)
    at emit (events.js:106:17)
    at null.<anonymous> (/home/zhenye1/Documents/Backbone/CSCC09/node_modules/mongoose/node_modules/mongodb/lib/mongodb/connection/connection_pool.js:150:15)
    at emit (events.js:98:17)
    at Socket.<anonymous> (/home/zhenye1/Documents/Backbone/CSCC09/node_modules/mongoose/node_modules/mongodb/lib/mongodb/connection/connection.js:533:10)
    at Socket.emit (events.js:95:17)
    at net.js:440:14
    at process._tickCallback (node.js:419:13)
